Copyright 1986-2022 Xilinx, Inc. All Rights Reserved. Copyright 2022-2023 Advanced Micro Devices, Inc. All Rights Reserved.
--------------------------------------------------------------------------------------------------------------------------------------------------------------------------
| Tool Version : Vivado v.2023.1 (lin64) Build 3865809 Sun May  7 15:04:56 MDT 2023
| Date         : Mon Dec 16 06:12:06 2024
| Host         : localhost.localdomain running 64-bit Ubuntu 20.04.6 LTS
| Command      : report_accelerator_utilization -kernels { cnn:level0_i/level1/level1_i/ulp/cnn_1/inst:cnn_1} -file kernel_util_routed.rpt -name kernel_util_routed -json
| Design       : level0_wrapper
| Device       : xcu250
| Design State : Routed
--------------------------------------------------------------------------------------------------------------------------------------------------------------------------

Accelerator Utilization Design Information

Table of Contents
-----------------
1. System Utilization

1. System Utilization
---------------------

+---------------------+-------------------+------------------+-------------------+----------------+----------------+-----------------+
| Name                | LUT               | LUTAsMem         | REG               | BRAM           | URAM           | DSP             |
+---------------------+-------------------+------------------+-------------------+----------------+----------------+-----------------+
| Platform            |   82075 [  4.75%] |   8075 [  1.02%] |  143817 [  4.16%] |  141 [  5.25%] |    0 [  0.00%] |     4 [  0.03%] |
| User Budget         | 1644133 [100.00%] | 782117 [100.00%] | 3312183 [100.00%] | 2547 [100.00%] | 1280 [100.00%] | 12284 [100.00%] |
|    Used Resources   |   25716 [  1.56%] |    728 [  0.09%] |   39736 [  1.20%] |   79 [  3.10%] |  467 [ 36.48%] |   322 [  2.62%] |
|    Unused Resources | 1618417 [ 98.44%] | 781389 [ 99.91%] | 3272447 [ 98.80%] | 2468 [ 96.90%] |  813 [ 63.52%] | 11962 [ 97.38%] |
| cnn                 |   25716 [  1.56%] |    728 [  0.09%] |   39736 [  1.20%] |   79 [  3.10%] |  467 [ 36.48%] |   322 [  2.62%] |
|    cnn_1            |   25716 [  1.56%] |    728 [  0.09%] |   39736 [  1.20%] |   79 [  3.10%] |  467 [ 36.48%] |   322 [  2.62%] |
+---------------------+-------------------+------------------+-------------------+----------------+----------------+-----------------+


